Sun  7 Nov 20:03:38 CET 2021
bl11
[2021-11-07 20:03:38,347] launcher  INFO    SCOOP 0.7 1.1 on linux using Python 3.8.8 (default, Apr 13 2021, 19:58:26) [GCC 7.3.0], API: 1013
[2021-11-07 20:03:38,347] launcher  INFO    Detected SLURM environment.
[2021-11-07 20:03:38,347] launcher  INFO    Deploying 100 worker(s) over 1 host(s).
[2021-11-07 20:03:38,347] launcher  INFO    Worker distribution: 
[2021-11-07 20:03:38,347] launcher  INFO       bl11:	99 + origin


2021-11-07 20:04:20.966 INFO fl_gpu - __init__: NEW EVALUATION
2021-11-07 20:04:20.966 INFO fl_gpu - __init__: total_m_batches = 7500
2021-11-07 20:04:21.091 INFO fl_gpu - __init__: total_m_batches_local = 1875.0
2021-11-07 20:04:21.456 INFO fl_gpu - __init__: self.comm_quant = 0.47540773269635955
2021-11-07 20:04:21.457 INFO fl_gpu - __init__: self.comm_n_devices = 1.0
2021-11-07 20:04:21.457 INFO fl_gpu - __init__: self.comm_thres = 0.8423351999369035
2021-11-07 20:04:21.457 INFO fl_gpu - __init__: self.comm_steps = 0.7637333333333334
2021-11-07 20:04:21.457 INFO fl_gpu - __init__: self.communication_fitness = 0.305839050647247
2021-11-07 20:04:21.457 INFO fl_gpu - train_and_test: STEP = 0
2021-11-07 20:04:21.457 INFO fl_gpu - train_and_test: selected_devices = [1, 2, 0, 3]
2021-11-07 20:05:02.179 INFO fl_gpu - train_and_test: last global aggregation in epoch = 0
2021-11-07 20:05:02.179 INFO fl_gpu - train_and_test: last global aggregation in step_in_epoch = 444
2021-11-07 20:05:02.179 INFO fl_gpu - train_and_test: last global aggregation in total_local_steps = 444
2021-11-07 20:05:02.179 INFO fl_gpu - train_and_test: END self.global_aggregations_counter = 1
2021-11-07 20:05:03.460 INFO fl_gpu - evaluate: fitness = (0.305839050647247, (0.8988, 0.016642803, [[958, 3, 4, 1, 1, 2, 4, 1, 6, 0], [0, 1119, 5, 4, 1, 1, 3, 0, 2, 0], [10, 4, 960, 7, 19, 0, 4, 13, 15, 0], [5, 3, 31, 920, 1, 11, 0, 16, 7, 16], [0, 3, 6, 0, 893, 0, 12, 1, 2, 65], [15, 3, 8, 74, 27, 727, 6, 3, 14, 15], [19, 9, 9, 0, 14, 21, 886, 0, 0, 0], [0, 11, 26, 9, 9, 2, 0, 898, 4, 69], [12, 33, 11, 58, 23, 39, 13, 15, 731, 39], [8, 10, 8, 14, 50, 7, 1, 8, 7, 896]], 0.8901472432891434, 0.8969234885434535))
2021-11-07 20:05:03.463 INFO nsga2 - main: gen	evals	std	min                    	avg	max                    
0  	1    	   	[0.89880002 0.30583905]	   	[0.89880002 0.30583905]
2021-11-07 20:05:03.463 INFO nsga2 - save_stats: gen	evals	std	min                    	avg	max                    
0  	1    	   	[0.89880002 0.30583905]	   	[0.89880002 0.30583905]
[2021-11-07 20:05:05,442] launcher  (127.0.0.1:39057) INFO    Root process is done.
[2021-11-07 20:05:05,443] launcher  (127.0.0.1:39057) INFO    Finished cleaning spawned subprocesses.
